


materialPath: C:\Program Files (x86)\Steam\steamapps\common\Counter-Strike Global Offensive\csgo\materials
Loading c:\hammerautosave\bombsitealphav6.vmf
Map revision 74
fixing up env_cubemap materials on brush sides...
0...1...2...3...4...5...6...7...8...9...100...1...2...3...4...5...6...7...8...9...10Processing areas...done (0)
Building Faces...done (0)
FixTjuncs...
PruneNodes...
WriteBSP...
done (1)
writing c:\hammerautosave\bombsitealphav6.prt...Building visibility clusters...
done (0)
Finding displacement neighbors...
Finding lightmap sample positions...
Displacement Alpha : 0...1...2...3...4...5...6...7...8...9...10
Building Physics collision data...
done (0) (91213 bytes)
Placing detail props : 0...1...2...3...4...5...6...7...8...9...10
Compacting texture/material tables...
Reduced 237 texinfos to 187
Reduced 23 texdatas to 22 (521 bytes to 495)
Writing c:\hammerautosave\bombsitealphav6.bsp
1 second elapsed



4 threads
reading c:\hammerautosave\bombsitealphav6.bsp
reading c:\hammerautosave\bombsitealphav6.prt
 656 portalclusters
2069 numportals
0...1...2...3...4...5...6...7...8...9...100...1...2...3...4...5...6...7...8...9...10Optimized: 1386 visible clusters (0.00%)
Total clusters visible: 251760
Average clusters visible: 383
Building PAS...
Average clusters audible: 656
visdatasize:111543  compressed from 115456
writing c:\hammerautosave\bombsitealphav6.bsp
13 minutes, 28 seconds elapsed



[Reading texlights from 'lights.rad']
[17 texlights parsed from 'lights.rad']

Loading c:\hammerautosave\bombsitealphav6.bsp
2116 faces
4189191 square feet [603243520.00 square inches]
0 Displacements
0 Square Feet [0.00 Square Inches]
2116 patches before subdivision
54710 patches after subdivision
39 direct lights
0...1...2...3...4...5...6...7...8...9...100...1...2...3...4...5...6...7...8...9...10transfers 4608599, max 839
transfer lists:  35.2 megs
0...1...2...3...4...5...6...7...8...9...10	Bounce #1 added RGB(75856, 68844, 62189)
0...1...2...3...4...5...6...7...8...9...10	Bounce #2 added RGB(40224, 35154, 30562)
0...1...2...3...4...5...6...7...8...9...10	Bounce #3 added RGB(12206, 10273, 8632)
0...1...2...3...4...5...6...7...8...9...10	Bounce #4 added RGB(8592, 7303, 6199)
0...1...2...3...4...5...6...7...8...9...10	Bounce #5 added RGB(5230, 4457, 3790)
0...1...2...3...4...5...6...7...8...9...10	Bounce #6 added RGB(4435, 3809, 3261)
0...1...2...3...4...5...6...7...8...9...10	Bounce #7 added RGB(3519, 3024, 2588)
0...1...2...3...4...5...6...7...8...9...10	Bounce #8 added RGB(3094, 2663, 2281)
0...1...2...3...4...5...6...7...8...9...10	Bounce #9 added RGB(2637, 2267, 1939)
0...1...2...3...4...5...6...7...8...9...10	Bounce #10 added RGB(2328, 1999, 1709)
0...1...2...3...4...5...6...7...8...9...10	Bounce #11 added RGB(2028, 1738, 1483)
0...1...2...3...4...5...6...7...8...9...10	Bounce #12 added RGB(1790, 1532, 1305)
0...1...2...3...4...5...6...7...8...9...10	Bounce #13 added RGB(1571, 1342, 1141)
0...1...2...3...4...5...6...7...8...9...10	Bounce #14 added RGB(1386, 1183, 1004)
0...1...2...3...4...5...6...7...8...9...10	Bounce #15 added RGB(1221, 1040, 881)
0...1...2...3...4...5...6...7...8...9...10	Bounce #16 added RGB(1078, 916, 775)
0...1...2...3...4...5...6...7...8...9...10	Bounce #17 added RGB(951, 807, 681)
0...1...2...3...4...5...6...7...8...9...10	Bounce #18 added RGB(839, 711, 600)
0...1...2...3...4...5...6...7...8...9...10	Bounce #19 added RGB(741, 626, 528)
0...1...2...3...4...5...6...7...8...9...10	Bounce #20 added RGB(654, 552, 464)
0...1...2...3...4...5...6...7...8...9...10	Bounce #21 added RGB(578, 487, 409)
0...1...2...3...4...5...6...7...8...9...10	Bounce #22 added RGB(511, 430, 360)
0...1...2...3...4...5...6...7...8...9...10	Bounce #23 added RGB(451, 379, 317)
0...1...2...3...4...5...6...7...8...9...10	Bounce #24 added RGB(399, 334, 279)
0...1...2...3...4...5...6...7...8...9...10	Bounce #25 added RGB(352, 295, 246)
0...1...2...3...4...5...6...7...8...9...10	Bounce #26 added RGB(311, 260, 216)
0...1...2...3...4...5...6...7...8...9...10	Bounce #27 added RGB(275, 229, 191)
0...1...2...3...4...5...6...7...8...9...10	Bounce #28 added RGB(243, 202, 168)
0...1...2...3...4...5...6...7...8...9...10	Bounce #29 added RGB(215, 179, 148)
0...1...2...3...4...5...6...7...8...9...10	Bounce #30 added RGB(190, 158, 130)
0...1...2...3...4...5...6...7...8...9...10	Bounce #31 added RGB(168, 139, 115)
0...1...2...3...4...5...6...7...8...9...10	Bounce #32 added RGB(149, 123, 101)
0...1...2...3...4...5...6...7...8...9...10	Bounce #33 added RGB(131, 108, 89)
0...1...2...3...4...5...6...7...8...9...10	Bounce #34 added RGB(116, 96, 79)
0...1...2...3...4...5...6...7...8...9...10	Bounce #35 added RGB(103, 84, 69)
0...1...2...3...4...5...6...7...8...9...10	Bounce #36 added RGB(91, 74, 61)
0...1...2...3...4...5...6...7...8...9...10	Bounce #37 added RGB(80, 66, 54)
0...1...2...3...4...5...6...7...8...9...10	Bounce #38 added RGB(71, 58, 47)
0...1...2...3...4...5...6...7...8...9...10	Bounce #39 added RGB(63, 51, 42)
0...1...2...3...4...5...6...7...8...9...10	Bounce #40 added RGB(55, 45, 37)
0...1...2...3...4...5...6...7...8...9...10	Bounce #41 added RGB(49, 40, 32)
0...1...2...3...4...5...6...7...8...9...10	Bounce #42 added RGB(43, 35, 29)
0...1...2...3...4...5...6...7...8...9...10	Bounce #43 added RGB(38, 31, 25)
0...1...2...3...4...5...6...7...8...9...10	Bounce #44 added RGB(34, 27, 22)
0...1...2...3...4...5...6...7...8...9...10	Bounce #45 added RGB(30, 24, 20)
0...1...2...3...4...5...6...7...8...9...10	Bounce #46 added RGB(26, 21, 17)
0...1...2...3...4...5...6...7...8...9...10	Bounce #47 added RGB(23, 19, 15)
0...1...2...3...4...5...6...7...8...9...10	Bounce #48 added RGB(21, 17, 13)
0...1...2...3...4...5...6...7...8...9...10	Bounce #49 added RGB(18, 15, 12)
0...1...2...3...4...5...6...7...8...9...10	Bounce #50 added RGB(16, 13, 10)
0...1...2...3...4...5...6...7...8...9...10	Bounce #51 added RGB(14, 11, 9)
0...1...2...3...4...5...6...7...8...9...10	Bounce #52 added RGB(13, 10, 8)
0...1...2...3...4...5...6...7...8...9...10	Bounce #53 added RGB(11, 9, 7)
0...1...2...3...4...5...6...7...8...9...10	Bounce #54 added RGB(10, 8, 6)
0...1...2...3...4...5...6...7...8...9...10	Bounce #55 added RGB(9, 7, 6)
0...1...2...3...4...5...6...7...8...9...10	Bounce #56 added RGB(8, 6, 5)
0...1...2...3...4...5...6...7...8...9...10	Bounce #57 added RGB(7, 5, 4)
0...1...2...3...4...5...6...7...8...9...10	Bounce #58 added RGB(6, 5, 4)
0...1...2...3...4...5...6...7...8...9...10	Bounce #59 added RGB(5, 4, 3)
0...1...2...3...4...5...6...7...8...9...10	Bounce #60 added RGB(5, 4, 3)
0...1...2...3...4...5...6...7...8...9...10	Bounce #61 added RGB(4, 3, 3)
0...1...2...3...4...5...6...7...8...9...10	Bounce #62 added RGB(4, 3, 2)
0...1...2...3...4...5...6...7...8...9...10	Bounce #63 added RGB(3, 3, 2)
0...1...2...3...4...5...6...7...8...9...10	Bounce #64 added RGB(3, 2, 2)
0...1...2...3...4...5...6...7...8...9...10	Bounce #65 added RGB(3, 2, 2)
0...1...2...3...4...5...6...7...8...9...10	Bounce #66 added RGB(2, 2, 1)
0...1...2...3...4...5...6...7...8...9...10	Bounce #67 added RGB(2, 2, 1)
0...1...2...3...4...5...6...7...8...9...10	Bounce #68 added RGB(2, 1, 1)
0...1...2...3...4...5...6...7...8...9...10	Bounce #69 added RGB(2, 1, 1)
0...1...2...3...4...5...6...7...8...9...10	Bounce #70 added RGB(1, 1, 1)
0...1...2...3...4...5...6...7...8...9...10	Bounce #71 added RGB(1, 1, 1)
0...1...2...3...4...5...6...7...8...9...10	Bounce #72 added RGB(1, 1, 1)
0...1...2...3...4...5...6...7...8...9...10	Bounce #73 added RGB(1, 1, 1)
Build Patch/Sample Hash Table(s).....Done<0.0282 sec>
0...1...2...3...4...5...6...7...8...9...10FinalLightFace Done
0 of 0 (0% of) surface lights went in leaf ambient cubes.
0...1...2...3...4...5...6...7...8...9...10Writing leaf ambient...done
Computing static prop lighting : 00...1...2...3...4...5...6...7...8...9...10
Ready to Finish

Object names       Objects/Maxobjs  Memory / Maxmem  Fullness 
------------       ---------------  ---------------  -------- 
models                  14/1024          672/49152    ( 1.4%) 
brushes                246/8192         2952/98304    ( 3.0%) 
brushsides            1540/65536       12320/524288   ( 2.3%) 
planes                 770/65536       15400/1310720  ( 1.2%) 
vertexes              2973/65536       35676/786432   ( 4.5%) 
nodes                 1375/65536       44000/2097152  ( 2.1%) 
texinfos               187/12288       13464/884736   ( 1.5%) 
texdata                 22/2048          704/65536    ( 1.1%) 
dispinfos                0/0               0/0        ( 0.0%) 
disp_verts               0/0               0/0        ( 0.0%) 
disp_tris                0/0               0/0        ( 0.0%) 
disp_multiblend          0/0               0/0        ( 0.0%) 
disp_lmsamples           0/0               0/0        ( 0.0%) 
faces                 2116/65536      118496/3670016  ( 3.2%) 
hdr faces             2116/65536      118496/3670016  ( 3.2%) 
origfaces              926/65536       51856/3670016  ( 1.4%) 
facebrushes            119/0             238/0        ( 0.0%) 
facebrushlists        2116/0            8464/0        ( 0.0%) 
leaves                1390/65536       44480/2097152  ( 2.1%) 
leaffaces             2382/65536        4764/131072   ( 3.6%) 
leafbrushes            734/65536        1468/131072   ( 1.1%) 
areas                    2/1024           16/8192     ( 0.2%) 
surfedges            13772/512000      55088/2048000  ( 2.7%) 
edges                 7570/256000      30280/1024000  ( 3.0%) 
LDR worldlights          0/8192            0/819200   ( 0.0%) 
HDR worldlights         39/8192         3900/819200   ( 0.5%) 
leafwaterdata            0/32768           0/393216   ( 0.0%) 
waterstrips            237/32768        2370/327680   ( 0.7%) 
waterverts               0/65536           0/786432   ( 0.0%) 
waterindices          3435/65536        6870/131072   ( 5.2%) 
cubemapsamples           0/1024            0/16384    ( 0.0%) 
overlays                 3/1024         1056/360448   ( 0.3%) 
LDR lightdata         [variable]           0/0        ( 0.0%) 
HDR lightdata         [variable]     3326824/0        ( 0.0%) 
visdata               [variable]      111543/16777216 ( 0.7%) 
entdata               [variable]       20012/393216   ( 5.1%) 
LDR ambient table     1390/65536        5560/262144   ( 2.1%) 
HDR ambient table     1390/65536        5560/262144   ( 2.1%) 
LDR leaf ambient      1390/65536       38920/1835008  ( 2.1%) 
HDR leaf ambient      7574/65536      212072/1835008  (11.6%) 
occluders                0/0               0/0        ( 0.0%) 
occluder polygons        0/0               0/0        ( 0.0%) 
occluder vert ind        0/0               0/0        ( 0.0%) 
detail props          [variable]           1/12       ( 8.3%) 
static props          [variable]           1/3500     ( 0.0%) 
pakfile               [variable]     1161506/0        ( 0.0%) 
physics               [variable]       91213/4194304  ( 2.2%) 
physics terrain       [variable]           2/1048576  ( 0.0%) 

Level flags = 7e

Total triangle count: 5860
Writing c:\hammerautosave\bombsitealphav6.bsp
2 minutes, 18 seconds elapsed
