


materialPath: C:\Program Files (x86)\Steam\steamapps\common\Counter-Strike Global Offensive\csgo\materials
Loading C:\Users\Gryffon\Documents\GitHub\de_Alpha\github_de_alpha_.vmf
Map revision 77
fixing up env_cubemap materials on brush sides...
0...1...2...3...4...5...6...7...8...9...100...1...2...3...4...5...6...7...8...9...10Processing areas...done (0)
Building Faces...done (0)
FixTjuncs...
PruneNodes...
WriteBSP...
done (0)
writing C:\Users\Gryffon\Documents\GitHub\de_Alpha\github_de_alpha_.prt...Building visibility clusters...
done (0)
Finding displacement neighbors...
Finding lightmap sample positions...
Displacement Alpha : 0...1...2...3...4...5...6...7...8...9...10
Building Physics collision data...
done (0) (92301 bytes)
Placing detail props : 0...1...2...3...4...5...6...7...8...9...10
Compacting texture/material tables...
Reduced 237 texinfos to 189
Reduced 23 texdatas to 22 (521 bytes to 495)
Writing C:\Users\Gryffon\Documents\GitHub\de_Alpha\github_de_alpha_.bsp
0 seconds elapsed



8 threads
reading c:\users\gryffon\documents\github\de_alpha\github_de_alpha_.bsp
reading c:\users\gryffon\documents\github\de_alpha\github_de_alpha_.prt
 697 portalclusters
2266 numportals
0...1...2...3...4...5...6...7...8...9...100...1...2...3...4...5...6...7...8...9...10Optimized: 1477 visible clusters (0.00%)
Total clusters visible: 279630
Average clusters visible: 401
Building PAS...
Average clusters audible: 697
visdatasize:125703  compressed from 122672
writing c:\users\gryffon\documents\github\de_alpha\github_de_alpha_.bsp
5 minutes, 9 seconds elapsed



[Reading texlights from 'lights.rad']
[17 texlights parsed from 'lights.rad']

Loading c:\users\gryffon\documents\github\de_alpha\github_de_alpha_.bsp
2178 faces
4190566 square feet [603441536.00 square inches]
0 Displacements
0 Square Feet [0.00 Square Inches]
2178 patches before subdivision
55204 patches after subdivision
38 direct lights
0...1...2...3...4...5...6...7...8...9...100...1...2...3...4...5...6...7...8...9...10transfers 4692744, max 843
transfer lists:  35.8 megs
0...1...2...3...4...5...6...7...8...9...10	Bounce #1 added RGB(75106, 68180, 61602)
0...1...2...3...4...5...6...7...8...9...10	Bounce #2 added RGB(39868, 34817, 30241)
0...1...2...3...4...5...6...7...8...9...10	Bounce #3 added RGB(12130, 10203, 8565)
0...1...2...3...4...5...6...7...8...9...10	Bounce #4 added RGB(8542, 7255, 6152)
0...1...2...3...4...5...6...7...8...9...10	Bounce #5 added RGB(5219, 4445, 3777)
0...1...2...3...4...5...6...7...8...9...10	Bounce #6 added RGB(4422, 3796, 3247)
0...1...2...3...4...5...6...7...8...9...10	Bounce #7 added RGB(3516, 3020, 2582)
0...1...2...3...4...5...6...7...8...9...10	Bounce #8 added RGB(3089, 2657, 2274)
0...1...2...3...4...5...6...7...8...9...10	Bounce #9 added RGB(2635, 2263, 1934)
0...1...2...3...4...5...6...7...8...9...10	Bounce #10 added RGB(2325, 1995, 1704)
0...1...2...3...4...5...6...7...8...9...10	Bounce #11 added RGB(2026, 1735, 1479)
0...1...2...3...4...5...6...7...8...9...10	Bounce #12 added RGB(1788, 1529, 1302)
0...1...2...3...4...5...6...7...8...9...10	Bounce #13 added RGB(1570, 1340, 1139)
0...1...2...3...4...5...6...7...8...9...10	Bounce #14 added RGB(1385, 1181, 1002)
0...1...2...3...4...5...6...7...8...9...10	Bounce #15 added RGB(1220, 1038, 879)
0...1...2...3...4...5...6...7...8...9...10	Bounce #16 added RGB(1077, 915, 773)
0...1...2...3...4...5...6...7...8...9...10	Bounce #17 added RGB(950, 805, 680)
0...1...2...3...4...5...6...7...8...9...10	Bounce #18 added RGB(839, 710, 598)
0...1...2...3...4...5...6...7...8...9...10	Bounce #19 added RGB(740, 626, 526)
0...1...2...3...4...5...6...7...8...9...10	Bounce #20 added RGB(654, 552, 463)
0...1...2...3...4...5...6...7...8...9...10	Bounce #21 added RGB(578, 486, 408)
0...1...2...3...4...5...6...7...8...9...10	Bounce #22 added RGB(510, 429, 359)
0...1...2...3...4...5...6...7...8...9...10	Bounce #23 added RGB(451, 378, 316)
0...1...2...3...4...5...6...7...8...9...10	Bounce #24 added RGB(399, 334, 278)
0...1...2...3...4...5...6...7...8...9...10	Bounce #25 added RGB(352, 294, 245)
0...1...2...3...4...5...6...7...8...9...10	Bounce #26 added RGB(311, 260, 216)
0...1...2...3...4...5...6...7...8...9...10	Bounce #27 added RGB(275, 229, 190)
0...1...2...3...4...5...6...7...8...9...10	Bounce #28 added RGB(243, 202, 168)
0...1...2...3...4...5...6...7...8...9...10	Bounce #29 added RGB(215, 178, 148)
0...1...2...3...4...5...6...7...8...9...10	Bounce #30 added RGB(190, 157, 130)
0...1...2...3...4...5...6...7...8...9...10	Bounce #31 added RGB(168, 139, 115)
0...1...2...3...4...5...6...7...8...9...10	Bounce #32 added RGB(148, 123, 101)
0...1...2...3...4...5...6...7...8...9...10	Bounce #33 added RGB(131, 108, 89)
0...1...2...3...4...5...6...7...8...9...10	Bounce #34 added RGB(116, 95, 78)
0...1...2...3...4...5...6...7...8...9...10	Bounce #35 added RGB(103, 84, 69)
0...1...2...3...4...5...6...7...8...9...10	Bounce #36 added RGB(91, 74, 61)
0...1...2...3...4...5...6...7...8...9...10	Bounce #37 added RGB(80, 66, 54)
0...1...2...3...4...5...6...7...8...9...10	Bounce #38 added RGB(71, 58, 47)
0...1...2...3...4...5...6...7...8...9...10	Bounce #39 added RGB(63, 51, 42)
0...1...2...3...4...5...6...7...8...9...10	Bounce #40 added RGB(55, 45, 37)
0...1...2...3...4...5...6...7...8...9...10	Bounce #41 added RGB(49, 40, 32)
0...1...2...3...4...5...6...7...8...9...10	Bounce #42 added RGB(43, 35, 28)
0...1...2...3...4...5...6...7...8...9...10	Bounce #43 added RGB(38, 31, 25)
0...1...2...3...4...5...6...7...8...9...10	Bounce #44 added RGB(34, 27, 22)
0...1...2...3...4...5...6...7...8...9...10	Bounce #45 added RGB(30, 24, 19)
0...1...2...3...4...5...6...7...8...9...10	Bounce #46 added RGB(26, 21, 17)
0...1...2...3...4...5...6...7...8...9...10	Bounce #47 added RGB(23, 19, 15)
0...1...2...3...4...5...6...7...8...9...10	Bounce #48 added RGB(21, 17, 13)
0...1...2...3...4...5...6...7...8...9...10	Bounce #49 added RGB(18, 15, 12)
0...1...2...3...4...5...6...7...8...9...10	Bounce #50 added RGB(16, 13, 10)
0...1...2...3...4...5...6...7...8...9...10	Bounce #51 added RGB(14, 11, 9)
0...1...2...3...4...5...6...7...8...9...10	Bounce #52 added RGB(13, 10, 8)
0...1...2...3...4...5...6...7...8...9...10	Bounce #53 added RGB(11, 9, 7)
0...1...2...3...4...5...6...7...8...9...10	Bounce #54 added RGB(10, 8, 6)
0...1...2...3...4...5...6...7...8...9...10	Bounce #55 added RGB(9, 7, 6)
0...1...2...3...4...5...6...7...8...9...10	Bounce #56 added RGB(8, 6, 5)
0...1...2...3...4...5...6...7...8...9...10	Bounce #57 added RGB(7, 5, 4)
0...1...2...3...4...5...6...7...8...9...10	Bounce #58 added RGB(6, 5, 4)
0...1...2...3...4...5...6...7...8...9...10	Bounce #59 added RGB(5, 4, 3)
0...1...2...3...4...5...6...7...8...9...10	Bounce #60 added RGB(5, 4, 3)
0...1...2...3...4...5...6...7...8...9...10	Bounce #61 added RGB(4, 3, 3)
0...1...2...3...4...5...6...7...8...9...10	Bounce #62 added RGB(4, 3, 2)
0...1...2...3...4...5...6...7...8...9...10	Bounce #63 added RGB(3, 3, 2)
0...1...2...3...4...5...6...7...8...9...10	Bounce #64 added RGB(3, 2, 2)
0...1...2...3...4...5...6...7...8...9...10	Bounce #65 added RGB(3, 2, 2)
0...1...2...3...4...5...6...7...8...9...10	Bounce #66 added RGB(2, 2, 1)
0...1...2...3...4...5...6...7...8...9...10	Bounce #67 added RGB(2, 2, 1)
0...1...2...3...4...5...6...7...8...9...10	Bounce #68 added RGB(2, 1, 1)
0...1...2...3...4...5...6...7...8...9...10	Bounce #69 added RGB(2, 1, 1)
0...1...2...3...4...5...6...7...8...9...10	Bounce #70 added RGB(1, 1, 1)
0...1...2...3...4...5...6...7...8...9...10	Bounce #71 added RGB(1, 1, 1)
0...1...2...3...4...5...6...7...8...9...10	Bounce #72 added RGB(1, 1, 1)
0...1...2...3...4...5...6...7...8...9...10	Bounce #73 added RGB(1, 1, 1)
Build Patch/Sample Hash Table(s).....Done<0.0088 sec>
0...1...2...3...4...5...6...7...8...9...10FinalLightFace Done
0 of 0 (0% of) surface lights went in leaf ambient cubes.
0...1...2...3...4...5...6...7...8...9...10Writing leaf ambient...done
Ready to Finish

Object names       Objects/Maxobjs  Memory / Maxmem  Fullness 
------------       ---------------  ---------------  -------- 
models                  11/1024          528/49152    ( 1.1%) 
brushes                250/8192         3000/98304    ( 3.1%) 
brushsides            1564/65536       12512/524288   ( 2.4%) 
planes                 774/65536       15480/1310720  ( 1.2%) 
vertexes              3071/65536       36852/786432   ( 4.7%) 
nodes                 1419/65536       45408/2097152  ( 2.2%) 
texinfos               189/12288       13608/884736   ( 1.5%) 
texdata                 22/2048          704/65536    ( 1.1%) 
dispinfos                0/0               0/0        ( 0.0%) 
disp_verts               0/0               0/0        ( 0.0%) 
disp_tris                0/0               0/0        ( 0.0%) 
disp_multiblend          0/0               0/0        ( 0.0%) 
disp_lmsamples           0/0               0/0        ( 0.0%) 
faces                 2178/65536      121968/3670016  ( 3.3%) 
hdr faces                0/65536           0/3670016  ( 0.0%) 
origfaces              942/65536       52752/3670016  ( 1.4%) 
facebrushes            134/0             268/0        ( 0.0%) 
facebrushlists        2178/0            8712/0        ( 0.0%) 
leaves                1431/65536       45792/2097152  ( 2.2%) 
leaffaces             2452/65536        4904/131072   ( 3.7%) 
leafbrushes            763/65536        1526/131072   ( 1.2%) 
areas                    2/1024           16/8192     ( 0.2%) 
surfedges            14171/512000      56684/2048000  ( 2.8%) 
edges                 7813/256000      31252/1024000  ( 3.1%) 
LDR worldlights         38/8192         3800/819200   ( 0.5%) 
HDR worldlights          0/8192            0/819200   ( 0.0%) 
leafwaterdata            0/32768           0/393216   ( 0.0%) 
waterstrips            254/32768        2540/327680   ( 0.8%) 
waterverts               0/65536           0/786432   ( 0.0%) 
waterindices          3657/65536        7314/131072   ( 5.6%) 
cubemapsamples           0/1024            0/16384    ( 0.0%) 
overlays                 3/1024         1056/360448   ( 0.3%) 
LDR lightdata         [variable]     3348064/0        ( 0.0%) 
HDR lightdata         [variable]           0/0        ( 0.0%) 
visdata               [variable]      125703/16777216 ( 0.7%) 
entdata               [variable]       19244/393216   ( 4.9%) 
LDR ambient table     1431/65536        5724/262144   ( 2.2%) 
HDR ambient table     1431/65536        5724/262144   ( 2.2%) 
LDR leaf ambient      7929/65536      222012/1835008  (12.1%) 
HDR leaf ambient      1431/65536       40068/1835008  ( 2.2%) 
occluders                0/0               0/0        ( 0.0%) 
occluder polygons        0/0               0/0        ( 0.0%) 
occluder vert ind        0/0               0/0        ( 0.0%) 
detail props          [variable]           1/12       ( 8.3%) 
static props          [variable]           1/3494     ( 0.0%) 
pakfile               [variable]       74462/0        ( 0.0%) 
physics               [variable]       92301/4194304  ( 2.2%) 
physics terrain       [variable]           2/1048576  ( 0.0%) 

Level flags = 7c

Total triangle count: 6073
Writing c:\users\gryffon\documents\github\de_alpha\github_de_alpha_.bsp
20 seconds elapsed



materialPath: C:\Program Files (x86)\Steam\steamapps\common\Counter-Strike Global Offensive\csgo\materials
Loading c:\users\gryffon\documents\github\de_alpha\github_de_alpha_.vmf
Map revision 77
fixing up env_cubemap materials on brush sides...
0...1...2...3...4...5...6...7...8...9...100...1...2...3...4...5...6...7...8...9...10Processing areas...done (0)
Building Faces...done (0)
FixTjuncs...
PruneNodes...
WriteBSP...
done (0)
writing c:\users\gryffon\documents\github\de_alpha\github_de_alpha_.prt...Building visibility clusters...
done (0)
Finding displacement neighbors...
Finding lightmap sample positions...
Displacement Alpha : 0...1...2...3...4...5...6...7...8...9...10
Building Physics collision data...
done (0) (92301 bytes)
Placing detail props : 0...1...2...3...4...5...6...7...8...9...10
Compacting texture/material tables...
Reduced 237 texinfos to 189
Reduced 23 texdatas to 22 (521 bytes to 495)
Writing c:\users\gryffon\documents\github\de_alpha\github_de_alpha_.bsp
0 seconds elapsed



8 threads
reading c:\users\gryffon\documents\github\de_alpha\github_de_alpha_.bsp
reading c:\users\gryffon\documents\github\de_alpha\github_de_alpha_.prt
 697 portalclusters
2266 numportals
0...1...2...3...4...5...6...7...8...9...100...1...2...3...4...5...6...7...8...9...10Optimized: 1473 visible clusters (0.00%)
Total clusters visible: 279626
Average clusters visible: 401
Building PAS...
Average clusters audible: 697
visdatasize:125703  compressed from 122672
writing c:\users\gryffon\documents\github\de_alpha\github_de_alpha_.bsp
5 minutes, 3 seconds elapsed



[Reading texlights from 'lights.rad']
[17 texlights parsed from 'lights.rad']

Loading c:\users\gryffon\documents\github\de_alpha\github_de_alpha_.bsp
2178 faces
4190566 square feet [603441536.00 square inches]
0 Displacements
0 Square Feet [0.00 Square Inches]
2178 patches before subdivision
55204 patches after subdivision
38 direct lights
0...1...2...3...4...5...6...7...8...9...100...1...2...3...4...5...6...7...8...9...10transfers 4695162, max 843
transfer lists:  35.8 megs
0...1...2...3...4...5...6...7...8...9...10	Bounce #1 added RGB(75143, 68215, 61635)
0...1...2...3...4...5...6...7...8...9...10	Bounce #2 added RGB(39892, 34839, 30260)
0...1...2...3...4...5...6...7...8...9...10	Bounce #3 added RGB(12139, 10210, 8571)
0...1...2...3...4...5...6...7...8...9...10	Bounce #4 added RGB(8547, 7260, 6155)
0...1...2...3...4...5...6...7...8...9...10	Bounce #5 added RGB(5222, 4448, 3779)
0...1...2...3...4...5...6...7...8...9...10	Bounce #6 added RGB(4424, 3798, 3248)
0...1...2...3...4...5...6...7...8...9...10	Bounce #7 added RGB(3517, 3021, 2583)
0...1...2...3...4...5...6...7...8...9...10	Bounce #8 added RGB(3090, 2658, 2275)
0...1...2...3...4...5...6...7...8...9...10	Bounce #9 added RGB(2636, 2264, 1935)
0...1...2...3...4...5...6...7...8...9...10	Bounce #10 added RGB(2326, 1996, 1705)
0...1...2...3...4...5...6...7...8...9...10	Bounce #11 added RGB(2027, 1736, 1480)
0...1...2...3...4...5...6...7...8...9...10	Bounce #12 added RGB(1789, 1530, 1302)
0...1...2...3...4...5...6...7...8...9...10	Bounce #13 added RGB(1570, 1341, 1139)
0...1...2...3...4...5...6...7...8...9...10	Bounce #14 added RGB(1386, 1181, 1002)
0...1...2...3...4...5...6...7...8...9...10	Bounce #15 added RGB(1220, 1038, 879)
0...1...2...3...4...5...6...7...8...9...10	Bounce #16 added RGB(1077, 915, 774)
0...1...2...3...4...5...6...7...8...9...10	Bounce #17 added RGB(950, 806, 680)
0...1...2...3...4...5...6...7...8...9...10	Bounce #18 added RGB(839, 710, 598)
0...1...2...3...4...5...6...7...8...9...10	Bounce #19 added RGB(741, 626, 527)
0...1...2...3...4...5...6...7...8...9...10	Bounce #20 added RGB(654, 552, 463)
0...1...2...3...4...5...6...7...8...9...10	Bounce #21 added RGB(578, 487, 408)
0...1...2...3...4...5...6...7...8...9...10	Bounce #22 added RGB(511, 429, 359)
0...1...2...3...4...5...6...7...8...9...10	Bounce #23 added RGB(451, 378, 316)
0...1...2...3...4...5...6...7...8...9...10	Bounce #24 added RGB(399, 334, 279)
0...1...2...3...4...5...6...7...8...9...10	Bounce #25 added RGB(352, 295, 245)
0...1...2...3...4...5...6...7...8...9...10	Bounce #26 added RGB(311, 260, 216)
0...1...2...3...4...5...6...7...8...9...10	Bounce #27 added RGB(275, 229, 190)
0...1...2...3...4...5...6...7...8...9...10	Bounce #28 added RGB(243, 202, 168)
0...1...2...3...4...5...6...7...8...9...10	Bounce #29 added RGB(215, 178, 148)
0...1...2...3...4...5...6...7...8...9...10	Bounce #30 added RGB(190, 158, 130)
0...1...2...3...4...5...6...7...8...9...10	Bounce #31 added RGB(168, 139, 115)
0...1...2...3...4...5...6...7...8...9...10	Bounce #32 added RGB(149, 123, 101)
0...1...2...3...4...5...6...7...8...9...10	Bounce #33 added RGB(131, 108, 89)
0...1...2...3...4...5...6...7...8...9...10	Bounce #34 added RGB(116, 96, 78)
0...1...2...3...4...5...6...7...8...9...10	Bounce #35 added RGB(103, 84, 69)
0...1...2...3...4...5...6...7...8...9...10	Bounce #36 added RGB(91, 74, 61)
0...1...2...3...4...5...6...7...8...9...10	Bounce #37 added RGB(80, 66, 54)
0...1...2...3...4...5...6...7...8...9...10	Bounce #38 added RGB(71, 58, 47)
0...1...2...3...4...5...6...7...8...9...10	Bounce #39 added RGB(63, 51, 42)
0...1...2...3...4...5...6...7...8...9...10	Bounce #40 added RGB(55, 45, 37)
0...1...2...3...4...5...6...7...8...9...10	Bounce #41 added RGB(49, 40, 32)
0...1...2...3...4...5...6...7...8...9...10	Bounce #42 added RGB(43, 35, 28)
0...1...2...3...4...5...6...7...8...9...10	Bounce #43 added RGB(38, 31, 25)
0...1...2...3...4...5...6...7...8...9...10	Bounce #44 added RGB(34, 27, 22)
0...1...2...3...4...5...6...7...8...9...10	Bounce #45 added RGB(30, 24, 19)
0...1...2...3...4...5...6...7...8...9...10	Bounce #46 added RGB(26, 21, 17)
0...1...2...3...4...5...6...7...8...9...10	Bounce #47 added RGB(23, 19, 15)
0...1...2...3...4...5...6...7...8...9...10	Bounce #48 added RGB(21, 17, 13)
0...1...2...3...4...5...6...7...8...9...10	Bounce #49 added RGB(18, 15, 12)
0...1...2...3...4...5...6...7...8...9...10	Bounce #50 added RGB(16, 13, 10)
0...1...2...3...4...5...6...7...8...9...10	Bounce #51 added RGB(14, 11, 9)
0...1...2...3...4...5...6...7...8...9...10	Bounce #52 added RGB(13, 10, 8)
0...1...2...3...4...5...6...7...8...9...10	Bounce #53 added RGB(11, 9, 7)
0...1...2...3...4...5...6...7...8...9...10	Bounce #54 added RGB(10, 8, 6)
0...1...2...3...4...5...6...7...8...9...10	Bounce #55 added RGB(9, 7, 6)
0...1...2...3...4...5...6...7...8...9...10	Bounce #56 added RGB(8, 6, 5)
0...1...2...3...4...5...6...7...8...9...10	Bounce #57 added RGB(7, 5, 4)
0...1...2...3...4...5...6...7...8...9...10	Bounce #58 added RGB(6, 5, 4)
0...1...2...3...4...5...6...7...8...9...10	Bounce #59 added RGB(5, 4, 3)
0...1...2...3...4...5...6...7...8...9...10	Bounce #60 added RGB(5, 4, 3)
0...1...2...3...4...5...6...7...8...9...10	Bounce #61 added RGB(4, 3, 3)
0...1...2...3...4...5...6...7...8...9...10	Bounce #62 added RGB(4, 3, 2)
0...1...2...3...4...5...6...7...8...9...10	Bounce #63 added RGB(3, 3, 2)
0...1...2...3...4...5...6...7...8...9...10	Bounce #64 added RGB(3, 2, 2)
0...1...2...3...4...5...6...7...8...9...10	Bounce #65 added RGB(3, 2, 2)
0...1...2...3...4...5...6...7...8...9...10	Bounce #66 added RGB(2, 2, 1)
0...1...2...3...4...5...6...7...8...9...10	Bounce #67 added RGB(2, 2, 1)
0...1...2...3...4...5...6...7...8...9...10	Bounce #68 added RGB(2, 1, 1)
0...1...2...3...4...5...6...7...8...9...10	Bounce #69 added RGB(2, 1, 1)
0...1...2...3...4...5...6...7...8...9...10	Bounce #70 added RGB(1, 1, 1)
0...1...2...3...4...5...6...7...8...9...10	Bounce #71 added RGB(1, 1, 1)
0...1...2...3...4...5...6...7...8...9...10	Bounce #72 added RGB(1, 1, 1)
0...1...2...3...4...5...6...7...8...9...10	Bounce #73 added RGB(1, 1, 1)
Build Patch/Sample Hash Table(s).....Done<0.0089 sec>
0...1...2...3...4...5...6...7...8...9...10FinalLightFace Done
0 of 0 (0% of) surface lights went in leaf ambient cubes.
0...1...2...3...4...5...6...7...8...9...10Writing leaf ambient...done
Computing static prop lighting : 00...1...2...3...4...5...6...7...8...9...10
Ready to Finish

Object names       Objects/Maxobjs  Memory / Maxmem  Fullness 
------------       ---------------  ---------------  -------- 
models                  11/1024          528/49152    ( 1.1%) 
brushes                250/8192         3000/98304    ( 3.1%) 
brushsides            1564/65536       12512/524288   ( 2.4%) 
planes                 774/65536       15480/1310720  ( 1.2%) 
vertexes              3071/65536       36852/786432   ( 4.7%) 
nodes                 1419/65536       45408/2097152  ( 2.2%) 
texinfos               189/12288       13608/884736   ( 1.5%) 
texdata                 22/2048          704/65536    ( 1.1%) 
dispinfos                0/0               0/0        ( 0.0%) 
disp_verts               0/0               0/0        ( 0.0%) 
disp_tris                0/0               0/0        ( 0.0%) 
disp_multiblend          0/0               0/0        ( 0.0%) 
disp_lmsamples           0/0               0/0        ( 0.0%) 
faces                 2178/65536      121968/3670016  ( 3.3%) 
hdr faces             2178/65536      121968/3670016  ( 3.3%) 
origfaces              942/65536       52752/3670016  ( 1.4%) 
facebrushes            134/0             268/0        ( 0.0%) 
facebrushlists        2178/0            8712/0        ( 0.0%) 
leaves                1431/65536       45792/2097152  ( 2.2%) 
leaffaces             2452/65536        4904/131072   ( 3.7%) 
leafbrushes            763/65536        1526/131072   ( 1.2%) 
areas                    2/1024           16/8192     ( 0.2%) 
surfedges            14171/512000      56684/2048000  ( 2.8%) 
edges                 7813/256000      31252/1024000  ( 3.1%) 
LDR worldlights          0/8192            0/819200   ( 0.0%) 
HDR worldlights         38/8192         3800/819200   ( 0.5%) 
leafwaterdata            0/32768           0/393216   ( 0.0%) 
waterstrips            254/32768        2540/327680   ( 0.8%) 
waterverts               0/65536           0/786432   ( 0.0%) 
waterindices          3657/65536        7314/131072   ( 5.6%) 
cubemapsamples           0/1024            0/16384    ( 0.0%) 
overlays                 3/1024         1056/360448   ( 0.3%) 
LDR lightdata         [variable]           0/0        ( 0.0%) 
HDR lightdata         [variable]     3348064/0        ( 0.0%) 
visdata               [variable]      125703/16777216 ( 0.7%) 
entdata               [variable]       19244/393216   ( 4.9%) 
LDR ambient table     1431/65536        5724/262144   ( 2.2%) 
HDR ambient table     1431/65536        5724/262144   ( 2.2%) 
LDR leaf ambient      1431/65536       40068/1835008  ( 2.2%) 
HDR leaf ambient      7930/65536      222040/1835008  (12.1%) 
occluders                0/0               0/0        ( 0.0%) 
occluder polygons        0/0               0/0        ( 0.0%) 
occluder vert ind        0/0               0/0        ( 0.0%) 
detail props          [variable]           1/12       ( 8.3%) 
static props          [variable]           1/3494     ( 0.0%) 
pakfile               [variable]     1161510/0        ( 0.0%) 
physics               [variable]       92301/4194304  ( 2.2%) 
physics terrain       [variable]           2/1048576  ( 0.0%) 

Level flags = 7e

Total triangle count: 6073
Writing c:\users\gryffon\documents\github\de_alpha\github_de_alpha_.bsp
38 seconds elapsed
